D: 8085, K: 1
Model: MCLDA  (to Ks2/K1_seed0) (from pickle: False) (continue from pickle: False)
Traceback (most recent call last):
  File "main_ubuntu.py", line 379, in <module>
    pathTestdocs=morphomes[3], pathTesttensors=tensors[3])
  File "/home/takeda.masaki/lab/program/LDA_pytorch/excute.py", line 142, in excuteMCLDA_K_range
    testset=testset, from_pickle=False, do_hist_analysis=False)
  File "/home/takeda.masaki/lab/program/LDA_pytorch/excute.py", line 238, in _excute
    probability = model.step(args.step_subsample, deterministic_coef=args.deterministic_coefs[n])
AttributeError: 'Args' object has no attribute 'deterministic_coefs'
D: 8085, K: 1
Model: MCLDA  (to Ks2/K1_seed0) (from pickle: False) (continue from pickle: False)
i:10    loss:-3317611.472573
i:20    loss:-3317611.472573
i:30    loss:-3317611.472573
i:40    loss:-3317611.472573
i:50    loss:-3317611.472573
i:60    loss:-3317611.472573
i:70    loss:-3317611.472573
i:80    loss:-3317611.472573
i:90    loss:-3317611.472573
i:100   loss:-3317611.472573
i:110   loss:-3317611.472573
i:120   loss:-3317611.472573
i:130   loss:-3317611.472573
i:140   loss:-3317611.472573
i:150   loss:-3317611.472573
i:160   loss:-3317611.472573
i:170   loss:-3317611.472573
i:180   loss:-3317611.472573
i:190   loss:-3317611.472573
i:200   loss:-3317611.472573
Saving the result
Saving the summary
Traceback (most recent call last):
  File "main_ubuntu.py", line 379, in <module>
    pathTestdocs=morphomes[3], pathTesttensors=tensors[3])
  File "/home/takeda.masaki/lab/program/LDA_pytorch/excute.py", line 143, in excuteMCLDA_K_range
    testset=testset, from_pickle=False, do_hist_analysis=False)
  File "/home/takeda.masaki/lab/program/LDA_pytorch/excute.py", line 254, in _excute
    model.summary(summary_args)
  File "/home/takeda.masaki/lab/program/LDA_pytorch/ModelBase.py", line 39, in summary
    self._summary_to_excel(summary_args, wb)
  File "/home/takeda.masaki/lab/program/LDA_pytorch/MCLDA.py", line 680, in _summary_to_excel
    wl = summary_args.habitWorstLevels[r]
AttributeError: 'Args' object has no attribute 'habitWorstLevels'
